Log file open, 10/05/17 12:51:56
LogInit:Display: Running engine for game: ThirdPerson_Basic
LogPlatformFile: Not using cached read wrapper
LogInit:Display: RandInit(-547867997) SRandInit(-547867997).
LogTaskGraph: Started task graph with 5 named threads and 8 total threads with 1 sets of task threads.
LogStats: Stats thread started at 0.114543
LogPluginManager: Loaded Plugin Paper2D, From C:/Program Files (x86)/Epic Games/4.14/Engine/Plugins/2D/Paper2D/Paper2D.uplugin
LogPluginManager: Loaded Plugin LightPropagationVolume, From C:/Program Files (x86)/Epic Games/4.14/Engine/Plugins/Blendables/LightPropagationVolume/LightPropagationVolume.uplugin
LogPluginManager: Loaded Plugin BlankPlugin, From C:/Program Files (x86)/Epic Games/4.14/Engine/Plugins/Developer/BlankPlugin/BlankPlugin.uplugin
LogPluginManager: Loaded Plugin CodeLiteSourceCodeAccess, From C:/Program Files (x86)/Epic Games/4.14/Engine/Plugins/Developer/CodeLiteSourceCodeAccess/CodeLiteSourceCodeAccess.uplugin
LogPluginManager: Loaded Plugin GitSourceControl, From C:/Program Files (x86)/Epic Games/4.14/Engine/Plugins/Developer/GitSourceControl/GitSourceControl.uplugin
LogPluginManager: Loaded Plugin KDevelopSourceCodeAccess, From C:/Program Files (x86)/Epic Games/4.14/Engine/Plugins/Developer/KDevelopSourceCodeAccess/KDevelopSourceCodeAccess.uplugin
LogPluginManager: Loaded Plugin NullSourceCodeAccess, From C:/Program Files (x86)/Epic Games/4.14/Engine/Plugins/Developer/NullSourceCodeAccess/NullSourceCodeAccess.uplugin
LogPluginManager: Loaded Plugin OneSkyLocalizationService, From C:/Program Files (x86)/Epic Games/4.14/Engine/Plugins/Developer/OneSkyLocalizationService/OneSkyLocalizationService.uplugin
LogPluginManager: Loaded Plugin PerforceSourceControl, From C:/Program Files (x86)/Epic Games/4.14/Engine/Plugins/Developer/PerforceSourceControl/PerforceSourceControl.uplugin
LogPluginManager: Loaded Plugin SubversionSourceControl, From C:/Program Files (x86)/Epic Games/4.14/Engine/Plugins/Developer/SubversionSourceControl/SubversionSourceControl.uplugin
LogPluginManager: Loaded Plugin UObjectPlugin, From C:/Program Files (x86)/Epic Games/4.14/Engine/Plugins/Developer/UObjectPlugin/UObjectPlugin.uplugin
LogPluginManager: Loaded Plugin VisualStudioSourceCodeAccess, From C:/Program Files (x86)/Epic Games/4.14/Engine/Plugins/Developer/VisualStudioSourceCodeAccess/VisualStudioSourceCodeAccess.uplugin
LogPluginManager: Loaded Plugin XCodeSourceCodeAccess, From C:/Program Files (x86)/Epic Games/4.14/Engine/Plugins/Developer/XCodeSourceCodeAccess/XCodeSourceCodeAccess.uplugin
LogPluginManager: Loaded Plugin AudioCapture, From C:/Program Files (x86)/Epic Games/4.14/Engine/Plugins/Editor/AudioCapture/AudioCapture.uplugin
LogPluginManager: Loaded Plugin EpicSurvey, From C:/Program Files (x86)/Epic Games/4.14/Engine/Plugins/Editor/EpicSurvey/EpicSurvey.uplugin
LogPluginManager: Loaded Plugin MacGraphicsSwitching, From C:/Program Files (x86)/Epic Games/4.14/Engine/Plugins/Editor/MacGraphicsSwitching/MacGraphicsSwitching.uplugin
LogPluginManager: Loaded Plugin MobileLauncherProfileWizard, From C:/Program Files (x86)/Epic Games/4.14/Engine/Plugins/Editor/MobileLauncherProfileWizard/MobileLauncherProfileWizard.uplugin
LogPluginManager: Loaded Plugin PluginBrowser, From C:/Program Files (x86)/Epic Games/4.14/Engine/Plugins/Editor/PluginBrowser/PluginBrowser.uplugin
LogPluginManager: Loaded Plugin SpeedTreeImporter, From C:/Program Files (x86)/Epic Games/4.14/Engine/Plugins/Editor/SpeedTreeImporter/SpeedTreeImporter.uplugin
LogPluginManager: Loaded Plugin SuperSearchEditor, From C:/Program Files (x86)/Epic Games/4.14/Engine/Plugins/Editor/SuperSearchEditor/SuperSearchEditor.uplugin
LogPluginManager: Loaded Plugin AlembicImporter, From C:/Program Files (x86)/Epic Games/4.14/Engine/Plugins/Experimental/AlembicImporter/AlembicImporter.uplugin
LogPluginManager: Loaded Plugin BlueprintStats, From C:/Program Files (x86)/Epic Games/4.14/Engine/Plugins/Experimental/BlueprintStats/BlueprintStats.uplugin
LogPluginManager: Loaded Plugin CharacterAI, From C:/Program Files (x86)/Epic Games/4.14/Engine/Plugins/Experimental/CharacterAI/CharacterAI.uplugin
LogPluginManager: Loaded Plugin CodeEditor, From C:/Program Files (x86)/Epic Games/4.14/Engine/Plugins/Experimental/CodeEditor/CodeEditor.uplugin
LogPluginManager: Loaded Plugin CodeView, From C:/Program Files (x86)/Epic Games/4.14/Engine/Plugins/Experimental/CodeView/CodeView.uplugin
LogPluginManager: Loaded Plugin HTML5Networking, From C:/Program Files (x86)/Epic Games/4.14/Engine/Plugins/Experimental/HTML5Networking/HTML5Networking.uplugin
LogPluginManager: Loaded Plugin OSVR, From C:/Program Files (x86)/Epic Games/4.14/Engine/Plugins/Experimental/OSVR/OSVR.uplugin
LogPluginManager: Loaded Plugin Phya, From C:/Program Files (x86)/Epic Games/4.14/Engine/Plugins/Experimental/Phya/Phya.uplugin
LogPluginManager: Loaded Plugin SignificanceManager, From C:/Program Files (x86)/Epic Games/4.14/Engine/Plugins/Experimental/SignificanceManager/SignificanceManager.uplugin
LogPluginManager: Loaded Plugin SimpleHMD, From C:/Program Files (x86)/Epic Games/4.14/Engine/Plugins/Experimental/SimpleHMD/SimpleHMD.uplugin
LogPluginManager: Loaded Plugin StereoPanorama, From C:/Program Files (x86)/Epic Games/4.14/Engine/Plugins/Experimental/StereoPanorama/StereoPanorama.uplugin
LogPluginManager: Loaded Plugin StructBox, From C:/Program Files (x86)/Epic Games/4.14/Engine/Plugins/Experimental/StructBox/StructBox.uplugin
LogPluginManager: Loaded Plugin AndroidMedia, From C:/Program Files (x86)/Epic Games/4.14/Engine/Plugins/Media/AndroidMedia/AndroidMedia.uplugin
LogPluginManager: Loaded Plugin AvfMedia, From C:/Program Files (x86)/Epic Games/4.14/Engine/Plugins/Media/AvfMedia/AvfMedia.uplugin
LogPluginManager: Loaded Plugin MediaPlayerEditor, From C:/Program Files (x86)/Epic Games/4.14/Engine/Plugins/Media/MediaPlayerEditor/MediaPlayerEditor.uplugin
LogPluginManager: Loaded Plugin WmfMedia, From C:/Program Files (x86)/Epic Games/4.14/Engine/Plugins/Media/WmfMedia/WmfMedia.uplugin
LogPluginManager: Loaded Plugin MessagingDebugger, From C:/Program Files (x86)/Epic Games/4.14/Engine/Plugins/Messaging/MessagingDebugger/MessagingDebugger.uplugin
LogPluginManager: Loaded Plugin TcpMessaging, From C:/Program Files (x86)/Epic Games/4.14/Engine/Plugins/Messaging/TcpMessaging/TcpMessaging.uplugin
LogPluginManager: Loaded Plugin UdpMessaging, From C:/Program Files (x86)/Epic Games/4.14/Engine/Plugins/Messaging/UdpMessaging/UdpMessaging.uplugin
LogPluginManager: Loaded Plugin LevelSequenceEditor, From C:/Program Files (x86)/Epic Games/4.14/Engine/Plugins/MovieScene/LevelSequenceEditor/LevelSequenceEditor.uplugin
LogPluginManager: Loaded Plugin MatineeToLevelSequence, From C:/Program Files (x86)/Epic Games/4.14/Engine/Plugins/MovieScene/MatineeToLevelSequence/MatineeToLevelSequence.uplugin
LogPluginManager: Loaded Plugin NetcodeUnitTest, From C:/Program Files (x86)/Epic Games/4.14/Engine/Plugins/NetcodeUnitTest/NetcodeUnitTest/NetcodeUnitTest.uplugin
LogPluginManager: Loaded Plugin NUTUnrealEngine4, From C:/Program Files (x86)/Epic Games/4.14/Engine/Plugins/NetcodeUnitTest/NUTUnrealEngine4/NUTUnrealEngine4.uplugin
LogPluginManager: Loaded Plugin OnlineSubsystemGameCircle, From C:/Program Files (x86)/Epic Games/4.14/Engine/Plugins/Online/Android/OnlineSubsystemGameCircle/OnlineSubsystemGameCircle.uplugin
LogPluginManager: Loaded Plugin OnlineSubsystemGooglePlay, From C:/Program Files (x86)/Epic Games/4.14/Engine/Plugins/Online/Android/OnlineSubsystemGooglePlay/OnlineSubsystemGooglePlay.uplugin
LogPluginManager: Loaded Plugin OnlineSubsystemIOS, From C:/Program Files (x86)/Epic Games/4.14/Engine/Plugins/Online/IOS/OnlineSubsystemIOS/OnlineSubsystemIOS.uplugin
LogPluginManager: Loaded Plugin OnlineFramework, From C:/Program Files (x86)/Epic Games/4.14/Engine/Plugins/Online/OnlineFramework/OnlineFramework.uplugin
LogPluginManager: Loaded Plugin OnlineSubsystem, From C:/Program Files (x86)/Epic Games/4.14/Engine/Plugins/Online/OnlineSubsystem/OnlineSubsystem.uplugin
LogPluginManager: Loaded Plugin OnlineSubsystemAmazon, From C:/Program Files (x86)/Epic Games/4.14/Engine/Plugins/Online/OnlineSubsystemAmazon/OnlineSubsystemAmazon.uplugin
LogPluginManager: Loaded Plugin OnlineSubsystemFacebook, From C:/Program Files (x86)/Epic Games/4.14/Engine/Plugins/Online/OnlineSubsystemFacebook/OnlineSubsystemFacebook.uplugin
LogPluginManager: Loaded Plugin OnlineSubsystemNull, From C:/Program Files (x86)/Epic Games/4.14/Engine/Plugins/Online/OnlineSubsystemNull/OnlineSubsystemNull.uplugin
LogPluginManager: Loaded Plugin OnlineSubsystemOculus, From C:/Program Files (x86)/Epic Games/4.14/Engine/Plugins/Online/OnlineSubsystemOculus/OnlineSubsystemOculus.uplugin
LogPluginManager: Loaded Plugin OnlineSubsystemSteam, From C:/Program Files (x86)/Epic Games/4.14/Engine/Plugins/Online/OnlineSubsystemSteam/OnlineSubsystemSteam.uplugin
LogPluginManager: Loaded Plugin OnlineSubsystemUtils, From C:/Program Files (x86)/Epic Games/4.14/Engine/Plugins/Online/OnlineSubsystemUtils/OnlineSubsystemUtils.uplugin
LogPluginManager: Loaded Plugin IOSTapJoy, From C:/Program Files (x86)/Epic Games/4.14/Engine/Plugins/Runtime/Advertising/IOSTapJoy/IOSTapJoy.uplugin
LogPluginManager: Loaded Plugin AnalyticsBlueprintLibrary, From C:/Program Files (x86)/Epic Games/4.14/Engine/Plugins/Runtime/Analytics/AnalyticsBlueprintLibrary/AnalyticsBlueprintLibrary.uplugin
LogPluginManager: Loaded Plugin AnalyticsMulticast, From C:/Program Files (x86)/Epic Games/4.14/Engine/Plugins/Runtime/Analytics/AnalyticsMulticast/AnalyticsMulticast.uplugin
LogPluginManager: Loaded Plugin Apsalar, From C:/Program Files (x86)/Epic Games/4.14/Engine/Plugins/Runtime/Analytics/Apsalar/Apsalar.uplugin
LogPluginManager: Loaded Plugin FileLogging, From C:/Program Files (x86)/Epic Games/4.14/Engine/Plugins/Runtime/Analytics/FileLogging/FileLogging.uplugin
LogPluginManager: Loaded Plugin Flurry, From C:/Program Files (x86)/Epic Games/4.14/Engine/Plugins/Runtime/Analytics/Flurry/Flurry.uplugin
LogPluginManager: Loaded Plugin AndroidDeviceProfileSelector, From C:/Program Files (x86)/Epic Games/4.14/Engine/Plugins/Runtime/AndroidDeviceProfileSelector/AndroidDeviceProfileSelector.uplugin
LogPluginManager: Loaded Plugin AndroidMoviePlayer, From C:/Program Files (x86)/Epic Games/4.14/Engine/Plugins/Runtime/AndroidMoviePlayer/AndroidMoviePlayer.uplugin
LogPluginManager: Loaded Plugin AppleMoviePlayer, From C:/Program Files (x86)/Epic Games/4.14/Engine/Plugins/Runtime/AppleMoviePlayer/AppleMoviePlayer.uplugin
LogPluginManager: Loaded Plugin ArchVisCharacter, From C:/Program Files (x86)/Epic Games/4.14/Engine/Plugins/Runtime/ArchVisCharacter/ArchVisCharacter.uplugin
LogPluginManager: Loaded Plugin CableComponent, From C:/Program Files (x86)/Epic Games/4.14/Engine/Plugins/Runtime/CableComponent/CableComponent.uplugin
LogPluginManager: Loaded Plugin CustomMeshComponent, From C:/Program Files (x86)/Epic Games/4.14/Engine/Plugins/Runtime/CustomMeshComponent/CustomMeshComponent.uplugin
LogPluginManager: Loaded Plugin ExampleDeviceProfileSelector, From C:/Program Files (x86)/Epic Games/4.14/Engine/Plugins/Runtime/ExampleDeviceProfileSelector/ExampleDeviceProfileSelector.uplugin
LogPluginManager: Loaded Plugin GearVR, From C:/Program Files (x86)/Epic Games/4.14/Engine/Plugins/Runtime/GearVR/GearVR.uplugin
LogPluginManager: Loaded Plugin GoogleVRController, From C:/Program Files (x86)/Epic Games/4.14/Engine/Plugins/Runtime/GoogleVR/GoogleVRController/GoogleVRController.uplugin
LogPluginManager: Loaded Plugin GoogleVRHMD, From C:/Program Files (x86)/Epic Games/4.14/Engine/Plugins/Runtime/GoogleVR/GoogleVRHMD/GoogleVRHMD.uplugin
LogPluginManager: Loaded Plugin IOSDeviceProfileSelector, From C:/Program Files (x86)/Epic Games/4.14/Engine/Plugins/Runtime/IOSDeviceProfileSelector/IOSDeviceProfileSelector.uplugin
LogPluginManager: Loaded Plugin LeapMotion, From C:/Program Files (x86)/Epic Games/4.14/Engine/Plugins/Runtime/LeapMotion/LeapMotion.uplugin
LogPluginManager: Loaded Plugin LinuxDeviceProfileSelector, From C:/Program Files (x86)/Epic Games/4.14/Engine/Plugins/Runtime/LinuxDeviceProfileSelector/LinuxDeviceProfileSelector.uplugin
LogPluginManager: Loaded Plugin MIDIDevice, From C:/Program Files (x86)/Epic Games/4.14/Engine/Plugins/Runtime/MIDIDevice/MIDIDevice.uplugin
LogPluginManager: Loaded Plugin MobilePatchingUtils, From C:/Program Files (x86)/Epic Games/4.14/Engine/Plugins/Runtime/MobilePatchingUtils/MobilePatchingUtils.uplugin
LogPluginManager: Loaded Plugin Ansel, From C:/Program Files (x86)/Epic Games/4.14/Engine/Plugins/Runtime/Nvidia/Ansel/Ansel.uplugin
LogPluginManager: Loaded Plugin OculusAudio, From C:/Program Files (x86)/Epic Games/4.14/Engine/Plugins/Runtime/OculusAudio/OculusAudio.uplugin
LogPluginManager: Loaded Plugin OculusInput, From C:/Program Files (x86)/Epic Games/4.14/Engine/Plugins/Runtime/OculusInput/OculusInput.uplugin
LogPluginManager: Loaded Plugin OculusLibrary, From C:/Program Files (x86)/Epic Games/4.14/Engine/Plugins/Runtime/OculusLibrary/OculusLibrary.uplugin
LogPluginManager: Loaded Plugin OculusRift, From C:/Program Files (x86)/Epic Games/4.14/Engine/Plugins/Runtime/OculusRift/OculusRift.uplugin
LogPluginManager: Loaded Plugin Oodle, From C:/Program Files (x86)/Epic Games/4.14/Engine/Plugins/Runtime/PacketHandlers/CompressionComponents/Oodle/Oodle.uplugin
LogPluginManager: Loaded Plugin ProceduralMeshComponent, From C:/Program Files (x86)/Epic Games/4.14/Engine/Plugins/Runtime/ProceduralMeshComponent/ProceduralMeshComponent.uplugin
LogPluginManager: Loaded Plugin SoundMod, From C:/Program Files (x86)/Epic Games/4.14/Engine/Plugins/Runtime/SoundMod/SoundMod.uplugin
LogPluginManager: Loaded Plugin SoundVisualizations, From C:/Program Files (x86)/Epic Games/4.14/Engine/Plugins/Runtime/SoundVisualizations/SoundVisualizations.uplugin
LogPluginManager: Loaded Plugin SteamController, From C:/Program Files (x86)/Epic Games/4.14/Engine/Plugins/Runtime/Steam/SteamController/SteamController.uplugin
LogPluginManager: Loaded Plugin SteamVR, From C:/Program Files (x86)/Epic Games/4.14/Engine/Plugins/Runtime/Steam/SteamVR/SteamVR.uplugin
LogPluginManager: Loaded Plugin WebBrowserWidget, From C:/Program Files (x86)/Epic Games/4.14/Engine/Plugins/Runtime/WebBrowserWidget/WebBrowserWidget.uplugin
LogPluginManager: Loaded Plugin WindowsDeviceProfileSelector, From C:/Program Files (x86)/Epic Games/4.14/Engine/Plugins/Runtime/WindowsDeviceProfileSelector/WindowsDeviceProfileSelector.uplugin
LogPluginManager: Loaded Plugin WindowsMoviePlayer, From C:/Program Files (x86)/Epic Games/4.14/Engine/Plugins/Runtime/WindowsMoviePlayer/WindowsMoviePlayer.uplugin
LogPluginManager: Loaded Plugin ScriptPlugin, From C:/Program Files (x86)/Epic Games/4.14/Engine/Plugins/ScriptPlugin/ScriptPlugin.uplugin
LogPluginManager: Loaded Plugin SlateRemote, From C:/Program Files (x86)/Epic Games/4.14/Engine/Plugins/Slate/SlateRemote/SlateRemote.uplugin
LogPluginManager: Loaded Plugin EditorTests, From C:/Program Files (x86)/Epic Games/4.14/Engine/Plugins/Tests/EditorTests/EditorTests.uplugin
LogPluginManager: Loaded Plugin FbxAutomationTestBuilder, From C:/Program Files (x86)/Epic Games/4.14/Engine/Plugins/Tests/FbxAutomationTestBuilder/FbxAutomationTestBuilder.uplugin
LogPluginManager: Loaded Plugin FunctionalTestingEditor, From C:/Program Files (x86)/Epic Games/4.14/Engine/Plugins/Tests/FunctionalTestingEditor/FunctionalTestingEditor.uplugin
LogPluginManager: Loaded Plugin RuntimeTests, From C:/Program Files (x86)/Epic Games/4.14/Engine/Plugins/Tests/RuntimeTests/RuntimeTests.uplugin
LogPluginManager: Loaded Plugin ScreenshotTools, From C:/Program Files (x86)/Epic Games/4.14/Engine/Plugins/Tests/ScreenshotTools/ScreenshotTools.uplugin
LogInit: Using libcurl 7.47.1
LogInit:  - built for x86_64-pc-win32
LogInit:  - supports SSL with OpenSSL/1.0.2g
LogInit:  - supports HTTP deflate (compression) using libz 1.2.8
LogInit:  - other features:
LogInit:      CURL_VERSION_SSL
LogInit:      CURL_VERSION_LIBZ
LogInit:      CURL_VERSION_IPV6
LogInit:      CURL_VERSION_ASYNCHDNS
LogInit:      CURL_VERSION_LARGEFILE
LogInit:      CURL_VERSION_IDN
LogInit:  CurlRequestOptions (configurable via config and command line):
LogInit:  - bVerifyPeer = false  - Libcurl will NOT verify peer certificate
LogInit:  - bUseHttpProxy = false  - Libcurl will NOT use HTTP proxy
LogInit:  - bDontReuseConnections = false  - Libcurl will reuse connections
LogInit:  - CertBundlePath = nullptr  - Libcurl will use whatever was configured at build time.
LogInit: Build: ++UE4+Release-4.14-CL-3195953
LogInit: Engine Version: 4.14.0-3195953+++UE4+Release-4.14
LogInit: Compatible Engine Version: 4.14.0-3195953+++UE4+Release-4.14
LogInit: Net CL: 3195953
LogDevObjectVersion: Number of dev versions registered: 13
LogDevObjectVersion:   Dev-Blueprints (B0D832E4-1F89-4F0D-ACCF-7EB736FD4AA2): 7
LogDevObjectVersion:   Dev-Build (E1C64328-A22C-4D53-A36C-8E866417BD8C): 0
LogDevObjectVersion:   Dev-Core (375EC13C-06E4-48FB-B500-84F0262A717E): 1
LogDevObjectVersion:   Dev-Editor (E4B068ED-F494-42E9-A231-DA0B2E46BB41): 8
LogDevObjectVersion:   Dev-Framework (CFFC743F-43B0-4480-9391-14DF171D2073): 17
LogDevObjectVersion:   Dev-Mobile (B02B49B5-BB20-44E9-A304-32B752E40360): 0
LogDevObjectVersion:   Dev-Networking (A4E4105C-59A1-49B5-A7C5-40C4547EDFEE): 0
LogDevObjectVersion:   Dev-Online (39C831C9-5AE6-47DC-9A44-9C173E1C8E7C): 0
LogDevObjectVersion:   Dev-Physics (78F01B33-EBEA-4F98-B9B4-84EACCB95AA2): 0
LogDevObjectVersion:   Dev-Platform (6631380F-2D4D-43E0-8009-CF276956A95A): 0
LogDevObjectVersion:   Dev-Rendering (12F88B9F-8875-4AFC-A67C-D90C383ABD29): 12
LogDevObjectVersion:   Dev-Sequencer (7B5AE74C-D270-4C10-A958-57980B212A5A): 1
LogDevObjectVersion:   Dev-VR (D7296918-1DD6-4BDD-9DE2-64A83CC13884): 0
LogInit: Compiled (64-bit): Nov 12 2016 02:14:10
LogInit: Compiled with Visual C++: 19.00.23026.00
LogInit: Build Configuration: Development
LogInit: Branch Name: ++UE4+Release-4.14
LogInit: Command line: -EpicPortal 
LogInit: Base directory: C:/Program Files (x86)/Epic Games/4.14/Engine/Binaries/Win64/
LogInit: Installed Engine Build: 1
LogInit: Presizing for max 8388607 objects, including 0 objects not considered by GC, pre-allocating 0 bytes for permanent pool.
LogInit: Object subsystem initialized
[2017.10.05-15.51.56:763][  0]LogInit: Selected Device Profile: [Windows]
[2017.10.05-15.51.56:763][  0]LogInit: Applying CVar settings loaded from the selected device profile: [Windows]
[2017.10.05-15.51.56:773][  0]LogInit: Computer: L1710MICRO63
[2017.10.05-15.51.56:773][  0]LogInit: User: logonpf
[2017.10.05-15.51.56:773][  0]LogInit: CPU Page size=65536, Cores=4
[2017.10.05-15.51.56:773][  0]LogInit: High frequency timer resolution =3.117928 MHz
[2017.10.05-15.51.56:774][  0]LogMemory: Memory total: Physical=7.9GB (8GB approx)
[2017.10.05-15.51.56:774][  0]LogMemory: Platform Memory Stats for Windows
[2017.10.05-15.51.56:774][  0]LogMemory: Process Physical Memory: 262.38 MB used, 262.38 MB peak
[2017.10.05-15.51.56:774][  0]LogMemory: Process Virtual Memory: 262.25 MB used, 262.25 MB peak
[2017.10.05-15.51.56:774][  0]LogMemory: Physical Memory: 6070.99 MB used,  2023.04 MB free, 8094.03 MB total
[2017.10.05-15.51.56:774][  0]LogMemory: Virtual Memory: 658.47 MB used,  2023.04 MB free, 134217728.00 MB total
[2017.10.05-15.51.57:417][  0]LogD3D11RHI: D3D11 adapters:
[2017.10.05-15.51.57:420][  0]LogD3D11RHI:    0. 'Intel(R) HD Graphics' (Feature Level 11_0)
[2017.10.05-15.51.57:420][  0]LogD3D11RHI:       32/0/1760 MB DedicatedVideo/DedicatedSystem/SharedSystem, Outputs:1, VendorId:0x8086
[2017.10.05-15.51.57:421][  0]LogD3D11RHI:    1. 'Microsoft Basic Render Driver' (Feature Level 11_0)
[2017.10.05-15.51.57:421][  0]LogD3D11RHI:       0/0/256 MB DedicatedVideo/DedicatedSystem/SharedSystem, Outputs:0, VendorId:0x1414
[2017.10.05-15.51.57:421][  0]LogD3D11RHI: Chosen D3D11 Adapter: 0
[2017.10.05-15.51.57:425][  0]LogD3D11RHI: Creating new Direct3DDevice
[2017.10.05-15.51.57:425][  0]LogD3D11RHI:     GPU DeviceId: 0x152 (for the marketing name, search the web for "GPU Device Id")
[2017.10.05-15.51.57:425][  0]LogWindows: EnumDisplayDevices:
[2017.10.05-15.51.57:425][  0]LogWindows:    0. 'Intel(R) HD Graphics' (P:1 D:1)
[2017.10.05-15.51.57:425][  0]LogWindows:    1. 'Intel(R) HD Graphics' (P:0 D:0)
[2017.10.05-15.51.57:425][  0]LogWindows: DebugString: FoundDriverCount:2 
[2017.10.05-15.51.57:425][  0]LogD3D11RHI:     Adapter Name: Intel(R) HD Graphics
[2017.10.05-15.51.57:425][  0]LogD3D11RHI:   Driver Version: 10.18.10.4425 (internal:10.18.10.4425, unified:10.18.10.4425)
[2017.10.05-15.51.57:425][  0]LogD3D11RHI:      Driver Date: 4-4-2016
[2017.10.05-15.51.57:425][  0]LogRHI: Texture pool is 638 MB (70% of 912 MB)
[2017.10.05-15.51.57:429][  0]LogD3D11RHI: Async texture creation enabled
[2017.10.05-15.51.57:435][  0]LogD3D11RHI: GPU Timing Frequency: 12.500000 (Debug: 2 0)
[2017.10.05-15.51.57:436][  0]LogShaderCompilers: Guid format shader working directory is -28 characters bigger than the processId version (../../../../../../Users/logonpf/Downloads/Unreal Projects/ThirdPerson_Basic/Intermediate/Shaders/WorkingDirectory/10720/).
[2017.10.05-15.51.57:436][  0]LogShaderCompilers: Cleaned the shader compiler working directory 'C:/Users/logonpf/AppData/Local/Temp/UnrealShaderWorkingDir/048C02BE43A55E43F50043AA1958DDD5/'.
[2017.10.05-15.51.57:436][  0]LogShaderCompilers:Display: Using Local Shader Compiler.
[2017.10.05-15.51.59:019][  0]LogTemp:Display: Loaded TP AllDesktopTargetPlatform
[2017.10.05-15.51.59:128][  0]LogTemp:Display: Loaded TP MacClientTargetPlatform
[2017.10.05-15.51.59:240][  0]LogTemp:Display: Loaded TP MacNoEditorTargetPlatform
[2017.10.05-15.51.59:354][  0]LogTemp:Display: Loaded TP MacServerTargetPlatform
[2017.10.05-15.51.59:466][  0]LogTemp:Display: Loaded TP MacTargetPlatform
[2017.10.05-15.51.59:719][  0]LogTemp:Display: Loaded TP WindowsClientTargetPlatform
[2017.10.05-15.51.59:881][  0]LogTemp:Display: Loaded TP WindowsNoEditorTargetPlatform
[2017.10.05-15.51.59:999][  0]LogTemp:Display: Loaded TP WindowsServerTargetPlatform
[2017.10.05-15.52.00:107][  0]LogTemp:Display: Loaded TP WindowsTargetPlatform
[2017.10.05-15.52.00:221][  0]LogTemp:Display: Loaded TP AndroidTargetPlatform
[2017.10.05-15.52.00:332][  0]LogTemp:Display: Loaded TP Android_ASTCTargetPlatform
[2017.10.05-15.52.00:445][  0]LogTemp:Display: Loaded TP Android_ATCTargetPlatform
[2017.10.05-15.52.00:560][  0]LogTemp:Display: Loaded TP Android_DXTTargetPlatform
[2017.10.05-15.52.00:673][  0]LogTemp:Display: Loaded TP Android_ETC1TargetPlatform
[2017.10.05-15.52.00:788][  0]LogTemp:Display: Loaded TP Android_ETC2TargetPlatform
[2017.10.05-15.52.01:019][  0]LogTemp:Display: Loaded TP Android_MultiTargetPlatform
[2017.10.05-15.52.01:019][  0]LogTemp:Display: Loaded TP Android_PVRTCTargetPlatform
[2017.10.05-15.52.01:114][  0]LogTemp:Display: Loaded TP HTML5TargetPlatform
[2017.10.05-15.52.01:294][  0]LogTemp:Display: Loaded TP IOSTargetPlatform
[2017.10.05-15.52.01:369][  0]LogTemp:Display: Loaded TP TVOSTargetPlatform
[2017.10.05-15.52.01:483][  0]LogTemp:Display: Loaded TP LinuxClientTargetPlatform
[2017.10.05-15.52.01:596][  0]LogTemp:Display: Loaded TP LinuxNoEditorTargetPlatform
[2017.10.05-15.52.01:707][  0]LogTemp:Display: Loaded TP LinuxServerTargetPlatform
[2017.10.05-15.52.01:818][  0]LogTemp:Display: Loaded TP LinuxTargetPlatform
[2017.10.05-15.52.01:818][  0]LogTargetPlatformManager:Display: Building Assets For Windows
[2017.10.05-15.52.02:820][  0]LogDerivedDataCache:Display: Max Cache Size: 512 MB
[2017.10.05-15.52.02:886][  0]LogDerivedDataCache: Loaded boot cache 0.07s 64MB C:/Users/logonpf/AppData/Local/UnrealEngine/4.14/DerivedDataCache/Boot.ddc.
[2017.10.05-15.52.02:886][  0]LogDerivedDataCache:Display: Loaded Boot cache: C:/Users/logonpf/AppData/Local/UnrealEngine/4.14/DerivedDataCache/Boot.ddc
[2017.10.05-15.52.02:886][  0]LogDerivedDataCache: FDerivedDataBackendGraph:  Pak pak cache file ../../../../../../Users/logonpf/Downloads/Unreal Projects/ThirdPerson_Basic/DerivedDataCache/DDC.ddp not found, will not use a pak cache.
[2017.10.05-15.52.02:886][  0]LogDerivedDataCache: Unable to find inner node Pak for hierarchical cache Hierarchy.
[2017.10.05-15.52.02:886][  0]LogDerivedDataCache: FDerivedDataBackendGraph:  CompressedPak pak cache file ../../../../../../Users/logonpf/Downloads/Unreal Projects/ThirdPerson_Basic/DerivedDataCache/Compressed.ddp not found, will not use a pak cache.
[2017.10.05-15.52.02:886][  0]LogDerivedDataCache: Unable to find inner node CompressedPak for hierarchical cache Hierarchy.
[2017.10.05-15.52.02:905][  0]LogDerivedDataCache:Display: Pak cache opened for reading ../../../Engine/DerivedDataCache/Compressed.ddp.
[2017.10.05-15.52.02:917][  0]LogDerivedDataCache: Using Local data cache path C:/Users/logonpf/AppData/Local/UnrealEngine/Common/DerivedDataCache: Writable
[2017.10.05-15.52.03:191][  0]LogInit: Selected Device Profile: [Windows]
[2017.10.05-15.52.03:195][  0]LogContentStreaming: Texture pool size is 0.00 MB
[2017.10.05-15.52.03:554][  0]LogMeshUtilities: Using QuadricMeshReduction for automatic static mesh reduction
[2017.10.05-15.52.03:655][  0]LogSimplygon: Simplygon DLL not present - disabling.
[2017.10.05-15.52.03:759][  0]LogMeshUtilities: Using SimplygonSwarm for distributed automatic mesh merging
[2017.10.05-15.52.03:759][  0]LogMeshUtilities: No automatic skeletal mesh reduction module available
[2017.10.05-15.52.03:759][  0]LogMeshUtilities: No automatic mesh merging module available
[2017.10.05-15.52.04:515][  0]LogNetVersion: GetLocalNetworkVersion: CL: 3195953, ProjectName: thirdperson_basic, ProjectVersion: , EngineNetworkVersion: 2, GameNetworkVersion: 0, NetworkChecksum: 236537088
[2017.10.05-15.52.04:609][  0]LogAssetRegistry: FAssetRegistry took 0.0219 seconds to start up
[2017.10.05-15.52.04:690][  0]LogPackageLocalizationCache: Processed 3 localized package path(s) for 2 prioritized culture(s) in 0.024247 seconds
[2017.10.05-15.52.04:696][  0]LogUObjectArray: 31946 objects as part of root set at end of initial load.
[2017.10.05-15.52.04:696][  0]LogUObjectAllocator: 6935848 out of 0 bytes used by permanent object pool.
[2017.10.05-15.52.04:696][  0]LogUObjectArray: CloseDisregardForGC: 0/0 objects in disregard for GC pool
[2017.10.05-15.52.04:858][  0]LogInit: WinSock: version 1.1 (2.2), MaxSocks=32767, MaxUdp=65467
[2017.10.05-15.52.06:567][  0]LogSlate: Using Freetype 2.6.0
[2017.10.05-15.52.06:567][  0]LogSlate: SlateFontCache - WITH_FREETYPE: 1, WITH_HARFBUZZ: 1
[2017.10.05-15.52.06:567][  0]LogSlate: SlateFontCache - WITH_FREETYPE: 1, WITH_HARFBUZZ: 1
[2017.10.05-15.52.07:754][  0]LogTcpMessaging: Initializing TcpMessaging bridge
[2017.10.05-15.52.07:835][  0]LogUdpMessaging: Initializing bridge on interface 0.0.0.0:0 to multicast group 230.0.0.1:6666.
[2017.10.05-15.52.08:438][  0]LogMaterial: Uniform references updated for custom material expression Custom.
[2017.10.05-15.52.09:230][  0]SourceControl: Informações Controle de origem desativado
[2017.10.05-15.52.09:291][  0]SourceControl: Informações Controle de origem desativado
[2017.10.05-15.52.09:392][  0]SourceControl: Informações Controle de origem desativado
[2017.10.05-15.52.09:492][  0]SourceControl: Informações Controle de origem desativado
[2017.10.05-15.52.12:516][  0]LogEngine: Initializing Engine...
[2017.10.05-15.52.12:518][  0]LogHMD: Failed to initialize OpenVR with code 110
[2017.10.05-15.52.12:923][  0]LogAIModule: Creating AISystem for world Untitled
[2017.10.05-15.52.12:969][  0]LogInit: XAudio2 using 'Speakers (High Definition Audio Device)' : 2 channels at 44.1 kHz using 16 bits per sample (channel mask 0x3)
[2017.10.05-15.52.13:128][  0]LogInit: FAudioDevice initialized.
[2017.10.05-15.52.13:157][  0]LogDerivedDataCache: Saved boot cache 0.03s 64MB C:/Users/logonpf/AppData/Local/UnrealEngine/4.14/DerivedDataCache/Boot.ddc.
[2017.10.05-15.52.13:163][  0]LogInit: Texture streaming: Enabled
[2017.10.05-15.52.13:666][  0]LogInit: Transaction tracking system initialized
[2017.10.05-15.52.14:492][  0]BlueprintLog: New page: Carregar Editor
[2017.10.05-15.52.16:476][  0]LocalizationService: Informações Localization service is disabled
[2017.10.05-15.52.17:888][  0]LogConsoleResponse:Display: 
[2017.10.05-15.52.18:170][  0]LogCook:Display: Max memory allowance for cook 16384mb min free memory 0mb
[2017.10.05-15.52.18:170][  0]LogCook:Display: Mobile HDR setting 1
[2017.10.05-15.52.18:744][  0]LogFileCache: Scanning file cache for directory 'C:/Users/logonpf/Downloads/Unreal Projects/ThirdPerson_Basic/Content/' took 0.02s
[2017.10.05-15.52.20:324][  0]SourceControl: Informações Controle de origem desativado
[2017.10.05-15.52.20:324][  0]Cmd: MAP LOAD FILE="../../../Engine/Content/Maps/Templates/Template_Default.umap" TEMPLATE=1 SHOWPROGRESS=1 FEATURELEVEL=3
[2017.10.05-15.52.20:325][  0]LightingResults: New page: Compilação de Iluminação
[2017.10.05-15.52.20:414][  0]MapCheck: New page: Verificação de Mapa
[2017.10.05-15.52.20:414][  0]LightingResults: New page: Compilação de Iluminação
[2017.10.05-15.52.20:689][  0]LogAIModule: Creating AISystem for world Untitled_1
[2017.10.05-15.52.20:690][  0]LogActorComponent: RegisterComponentWithWorld: (/Temp/Untitled_1.Untitled_1:PersistentLevel.WorldSettings_1.StaticMeshComponent0) Trying to register component with IsPendingKill() == true. Aborting.
[2017.10.05-15.52.20:733][  0]LogEditorServer: Finished looking for orphan Actors (0.000 secs)
[2017.10.05-15.52.20:738][  0]Cmd: MAP CHECKDEP NOCLEARLOG
[2017.10.05-15.52.20:811][  0]MapCheck: Informações Map check complete: 0 Error(s), 0 Warning(s), took 72,31ms to complete.
[2017.10.05-15.52.20:811][  0]LogFileHelpers: Loading map 'Template_Default' took 0.487
[2017.10.05-15.52.21:671][  0]LogCollectionManager: Loaded 0 collections in 0.001773 seconds
[2017.10.05-15.52.21:908][  0]LogFileCache: Scanning file cache for directory 'C:/Users/logonpf/Downloads/Unreal Projects/ThirdPerson_Basic/Saved/Collections/' took 0.01s
[2017.10.05-15.52.21:908][  0]LogFileCache: Scanning file cache for directory 'C:/Users/logonpf/Downloads/Unreal Projects/ThirdPerson_Basic/Content/Developers/logonpf/Collections/' took 0.01s
[2017.10.05-15.52.21:908][  0]LogFileCache: Scanning file cache for directory 'C:/Users/logonpf/Downloads/Unreal Projects/ThirdPerson_Basic/Content/Collections/' took 0.01s
[2017.10.05-15.52.21:908][  0]LogCollectionManager: Rebuilt the GUID cache for 0 collections in 0.000002 seconds
[2017.10.05-15.52.21:939][  0]LogContentBrowser: Native class hierarchy populated in 0.0256 seconds. Added 2190 classes and 428 folders.
[2017.10.05-15.52.22:093][  0]LogStats: UGameplayTagsManager::ConstructGameplayTagTree: Construct from data asset -  0.000 s
[2017.10.05-15.52.22:094][  0]LogStats: UGameplayTagsManager::ConstructGameplayTagTree: GameplayTagTreeChangedEvent.Broadcast -  0.001 s
[2017.10.05-15.52.22:096][  0]LogContentBrowser: Native class hierarchy updated for 'GameplayTags' in 0.0022 seconds. Added 13 classes and 0 folders.
[2017.10.05-15.52.22:277][  0]LogContentBrowser: Native class hierarchy updated for 'WidgetCarousel' in 0.0006 seconds. Added 0 classes and 0 folders.
[2017.10.05-15.52.23:429][  0]LogContentBrowser: Native class hierarchy updated for 'AddContentDialog' in 0.0006 seconds. Added 0 classes and 0 folders.
[2017.10.05-15.52.23:563][  0]LogContentBrowser: Native class hierarchy updated for 'SceneOutliner' in 0.0006 seconds. Added 1 classes and 2 folders.
[2017.10.05-15.52.23:969][  0]LogCrashTracker: Crashtracker disabled due to settings.
[2017.10.05-15.52.24:124][  0]LogTexture:Display: Criando texturas: Blueprint_64x (BGRA8)
[2017.10.05-15.52.24:126][  0]LogTexture:Display: Criando texturas: icon_Editor_Preferences_General_40x (BGRA8)
[2017.10.05-15.52.24:127][  0]LogTexture:Display: Criando texturas: Paper2DSprite_TutorialIcon (BGRA8)
[2017.10.05-15.52.24:129][  0]LogTexture:Display: Criando texturas: icon_ShowSkeletalMeshes_40x (BGRA8)
[2017.10.05-15.52.24:130][  0]LogTexture:Display: Criando texturas: Landscape (BGRA8)
[2017.10.05-15.52.24:132][  0]LogTexture:Display: Criando texturas: Foliage (BGRA8)
[2017.10.05-15.52.24:286][  0]LogContentBrowser: Native class hierarchy updated for 'HierarchicalLODOutliner' in 0.0007 seconds. Added 1 classes and 2 folders.
[2017.10.05-15.52.24:286][  0]LogLoad: (Engine Initialization) Total time: 29.70 seconds
[2017.10.05-15.52.24:286][  0]LogLoad: (Engine Initialization) Total Blueprint compile time: 0.15 seconds
[2017.10.05-15.52.24:286][  0]LogExternalProfiler: Found external profiler: VSPerf
[2017.10.05-15.52.24:286][  0]LogExternalProfiler: Using external profiler: VSPerf
[2017.10.05-15.52.24:626][  0]LogOcInput: OculusInput pre-init called
[2017.10.05-15.52.24:727][  0]LogContentStreaming: Texture pool size now 1000 MB
[2017.10.05-15.52.24:867][  0]LogTexture:Display: Criando texturas: icon_tab_Levels_40x (BGRA8)
[2017.10.05-15.52.25:096][  0]LogTexture:Display: Criando texturas: LevelGrid1DStripes (BGRA8)
[2017.10.05-15.52.25:348][  0]LogRenderer: Reallocating scene render targets to support 640x372 NumSamples 1 (Frame:2).
[2017.10.05-15.52.26:913][  2]LogAssetRegistry: Asset discovery search completed in 22.3273 seconds
[2017.10.05-15.52.26:913][  2]LogCollectionManager: Rebuilt the object cache for 0 collections in 0.000001 seconds (found 0 objects)
[2017.10.05-15.52.26:913][  2]LogCollectionManager: Fixed up redirectors for 0 collections in 0.000017 seconds (updated 0 objects)
[2017.10.05-15.57.44:085][271]LogAnimationCompression: Building Anim DDC data for AnimSequence /Game/Character/Animations/ThirdPersonRun.ThirdPersonRun
[2017.10.05-15.57.44:096][271]LogAnimationCompression: Building Anim DDC data for AnimSequence /Game/Character/Animations/ThirdPersonWalk.ThirdPersonWalk
[2017.10.05-15.57.44:098][271]LogAnimationCompression: Building Anim DDC data for AnimSequence /Game/Character/Animations/ThirdPersonIdle.ThirdPersonIdle
[2017.10.05-15.57.44:449][271]LogMaterial: Missing cached shader map for material CharacterMaterial, compiling. 
[2017.10.05-15.57.45:376][271]LogTexture:Display: Criando texturas: SunsetAmbientCubemap (RGBA16F)
[2017.10.05-15.57.54:916][271]LogSkeletalMesh: InitArticulated: Bodies already created (/Engine/Transient.DebugSkelMeshComponent_0) - call TermArticulated first.
[2017.10.05-15.57.55:992][271]LogContentBrowser:Verbose: The majority of assets in the view are of type: AnimSequence
[2017.10.05-15.58.25:272][655]LogAnimationCompression: Building Anim DDC data for AnimSequence /Game/Character/Animations/MontageExample_End_1.MontageExample_End_1
[2017.10.05-15.58.25:337][657]LogAnimationCompression: Building Anim DDC data for AnimSequence /Game/Character/Animations/MontageExample_End_2.MontageExample_End_2
[2017.10.05-15.58.31:675][705]LogContentBrowser: Native class hierarchy updated for 'BlueprintGraph' in 0.0011 seconds. Added 111 classes and 0 folders.
[2017.10.05-15.58.32:676][705]LogSkeletalMesh: InitArticulated: Bodies already created (/Engine/Transient.DebugSkelMeshComponent_2) - call TermArticulated first.
[2017.10.05-16.08.02:721][379]LogFileHelpers: Editor autosave (incl. sublevels) for '/Temp/Untitled_1' took 0.078
[2017.10.05-16.08.02:730][379]OBJ SavePackage: Generating thumbnails for [1] asset(s) in package [/Game/Character/CharacterAnimBP] ([1] browsable assets)...
[2017.10.05-16.08.02:798][379]OBJ SavePackage:     Rendered thumbnail for [AnimBlueprint /Game/Character/CharacterAnimBP.CharacterAnimBP]
[2017.10.05-16.08.02:798][379]OBJ SavePackage: Finished generating thumbnails for package [/Game/Character/CharacterAnimBP]
[2017.10.05-16.08.02:950][379]LogSavePackage: Save=102.54ms
[2017.10.05-16.08.02:950][379]LogSavePackage: Moving '../../../../../../Users/logonpf/Downloads/Unreal Projects/ThirdPerson_Basic/Saved/CharacterAnimBP_Auto18BB9F6834A94776835EFFFB38C829C18.tmp' to '../../../../../../Users/logonpf/Downloads/Unreal Projects/ThirdPerson_Basic/Saved/Autosaves/Game/Character/CharacterAnimBP_Auto1.uasset'
[2017.10.05-16.08.02:953][379]LogSavePackage:Display: Finished SavePackage ../../../../../../Users/logonpf/Downloads/Unreal Projects/ThirdPerson_Basic/Saved/Autosaves/Game/Character/CharacterAnimBP_Auto1.uasset
[2017.10.05-16.08.02:953][379]LogFileHelpers: Auto-saving content packages took 0.231
[2017.10.05-16.10.34:557][290]LogContentBrowser:Verbose: The majority of assets in the view are of type: AnimSequence
[2017.10.05-16.14.08:104][472]LogSkeletalMesh: InitArticulated: Bodies already created (/Engine/Transient.DebugSkelMeshComponent_4) - call TermArticulated first.
[2017.10.05-16.14.09:706][473]LogRenderer: Reallocating scene render targets to support 640x576 NumSamples 1 (Frame:6737).
[2017.10.05-16.14.45:985][692]LogSynthBenchmark:Display: FSynthBenchmark (V0.95):  requested WorkScale=1.00
[2017.10.05-16.14.45:985][692]LogSynthBenchmark:Display: ===============
[2017.10.05-16.14.45:985][692]LogSynthBenchmark:Display: Main Processor:
[2017.10.05-16.14.46:029][692]LogSynthBenchmark:Display:          ... 0.020767 s/Run 'RayIntersect'
[2017.10.05-16.14.46:029][692]LogSynthBenchmark:Display:          ... 0.022599 s/Run 'Fractal'
[2017.10.05-16.14.46:029][692]LogSynthBenchmark:Display: 
[2017.10.05-16.14.46:029][692]LogSynthBenchmark:Display:   CompiledTarget_x_Bits: 64
[2017.10.05-16.14.46:029][692]LogSynthBenchmark:Display:   UE_BUILD_SHIPPING: 0
[2017.10.05-16.14.46:029][692]LogSynthBenchmark:Display:   UE_BUILD_TEST: 0
[2017.10.05-16.14.46:029][692]LogSynthBenchmark:Display:   UE_BUILD_DEBUG: 0
[2017.10.05-16.14.46:029][692]LogSynthBenchmark:Display:   TotalPhysicalGBRam: 8
[2017.10.05-16.14.46:029][692]LogSynthBenchmark:Display:   NumberOfCores (physical): 4
[2017.10.05-16.14.46:029][692]LogSynthBenchmark:Display:   NumberOfCores (logical): 4
[2017.10.05-16.14.46:029][692]LogSynthBenchmark:Display:   CPU Perf Index 0: 123.3 (weight 1.00)
[2017.10.05-16.14.46:029][692]LogSynthBenchmark:Display:   CPU Perf Index 1: 126.6 (weight 1.50)
[2017.10.05-16.14.46:029][692]LogSynthBenchmark:Display:  
[2017.10.05-16.14.46:029][692]LogSynthBenchmark:Display: Graphics:
[2017.10.05-16.14.46:029][692]LogSynthBenchmark:Display:   Adapter Name: 'Intel(R) HD Graphics'
[2017.10.05-16.14.46:029][692]LogSynthBenchmark:Display:   (On Optimus the name might be wrong, memory should be ok)
[2017.10.05-16.14.46:029][692]LogSynthBenchmark:Display:   Vendor Id: 0x8086
[2017.10.05-16.14.46:029][692]LogSynthBenchmark:Display:   Device Id: 0x152
[2017.10.05-16.14.46:029][692]LogSynthBenchmark:Display:   Device Revision: 0x9
[2017.10.05-16.14.46:029][692]LogSynthBenchmark:Display:   GPU Memory: 32/0/1760 MB
[2017.10.05-16.14.46:213][692]LogSynthBenchmark:Display:   GPU first test: 0.05s
[2017.10.05-16.14.46:213][692]LogSynthBenchmark:Display:          ... 0.136 s/GigaPix, Confidence=100% 'ALUHeavyNoise' (likely to be very inaccurate)
[2017.10.05-16.14.46:213][692]LogSynthBenchmark:Display:          ... 0.228 s/GigaPix, Confidence=100% 'TexHeavy' (likely to be very inaccurate)
[2017.10.05-16.14.46:213][692]LogSynthBenchmark:Display:          ... 0.213 s/GigaPix, Confidence=100% 'DepTexHeavy' (likely to be very inaccurate)
[2017.10.05-16.14.46:213][692]LogSynthBenchmark:Display:          ... 1.282 s/GigaPix, Confidence=89% 'FillOnly' (likely to be very inaccurate)
[2017.10.05-16.14.46:213][692]LogSynthBenchmark:Display:          ... 0.053 s/GigaPix, Confidence=89% 'Bandwidth' (likely to be very inaccurate)
[2017.10.05-16.14.46:213][692]LogSynthBenchmark:Display:          ... 0.247 s/GigaVert, Confidence=100% 'VertThroughPut1' (likely to be very inaccurate)
[2017.10.05-16.14.46:213][692]LogSynthBenchmark:Display:          ... 0.503 s/GigaVert, Confidence=100% 'VertThroughPut2' (likely to be very inaccurate)
[2017.10.05-16.14.46:750][692]LogSynthBenchmark:Display:   GPU second test: 0.43s
[2017.10.05-16.14.46:750][692]LogSynthBenchmark:Display:          ... 0.153 s/GigaPix, Confidence=100% 'ALUHeavyNoise' (likely to be inaccurate)
[2017.10.05-16.14.46:750][692]LogSynthBenchmark:Display:          ... 0.248 s/GigaPix, Confidence=100% 'TexHeavy' (likely to be inaccurate)
[2017.10.05-16.14.46:750][692]LogSynthBenchmark:Display:          ... 0.221 s/GigaPix, Confidence=100% 'DepTexHeavy' (likely to be inaccurate)
[2017.10.05-16.14.46:750][692]LogSynthBenchmark:Display:          ... 1.917 s/GigaPix, Confidence=100% 'FillOnly' (likely to be inaccurate)
[2017.10.05-16.14.46:750][692]LogSynthBenchmark:Display:          ... 0.053 s/GigaPix, Confidence=89% 'Bandwidth' (likely to be inaccurate)
[2017.10.05-16.14.46:750][692]LogSynthBenchmark:Display:          ... 0.236 s/GigaVert, Confidence=100% 'VertThroughPut1' (likely to be inaccurate)
[2017.10.05-16.14.46:750][692]LogSynthBenchmark:Display:          ... 0.500 s/GigaVert, Confidence=89% 'VertThroughPut2' (likely to be inaccurate)
[2017.10.05-16.14.46:750][692]LogSynthBenchmark:Display:   GPU Final Results:
[2017.10.05-16.14.46:750][692]LogSynthBenchmark:Display:          ... 0.153 s/GigaPix, Confidence=100% 'ALUHeavyNoise'
[2017.10.05-16.14.46:750][692]LogSynthBenchmark:Display:          ... 0.248 s/GigaPix, Confidence=100% 'TexHeavy'
[2017.10.05-16.14.46:750][692]LogSynthBenchmark:Display:          ... 0.221 s/GigaPix, Confidence=100% 'DepTexHeavy'
[2017.10.05-16.14.46:750][692]LogSynthBenchmark:Display:          ... 1.917 s/GigaPix, Confidence=100% 'FillOnly'
[2017.10.05-16.14.46:750][692]LogSynthBenchmark:Display:          ... 0.053 s/GigaPix, Confidence=89% 'Bandwidth'
[2017.10.05-16.14.46:750][692]LogSynthBenchmark:Display:          ... 0.236 s/GigaVert, Confidence=100% 'VertThroughPut1'
[2017.10.05-16.14.46:750][692]LogSynthBenchmark:Display:          ... 0.500 s/GigaVert, Confidence=89% 'VertThroughPut2'
[2017.10.05-16.14.46:750][692]LogSynthBenchmark:Display: 
[2017.10.05-16.14.46:750][692]LogSynthBenchmark:Display:   GPU Perf Index 0: 3.3 (weight 1.00)
[2017.10.05-16.14.46:750][692]LogSynthBenchmark:Display:   GPU Perf Index 1: 3.3 (weight 0.10)
[2017.10.05-16.14.46:750][692]LogSynthBenchmark:Display:   GPU Perf Index 2: 5.7 (weight 0.10)
[2017.10.05-16.14.46:750][692]LogSynthBenchmark:Display:   GPU Perf Index 3: 7.5 (weight 3.00)
[2017.10.05-16.14.46:750][692]LogSynthBenchmark:Display:   GPU Perf Index 4: 5.0 (weight 1.00)
[2017.10.05-16.14.46:750][692]LogSynthBenchmark:Display:   GPU Perf Index 5: 15.3 (weight 0.00)
[2017.10.05-16.14.46:750][692]LogSynthBenchmark:Display:   GPU Perf Index 6: 28.3 (weight 0.00)
[2017.10.05-16.14.46:750][692]LogSynthBenchmark:Display:   CPUIndex: 125.3
[2017.10.05-16.14.46:750][692]LogSynthBenchmark:Display:   GPUIndex: 6.1
[2017.10.05-16.14.46:750][692]LogSynthBenchmark:Display: 
[2017.10.05-16.14.46:750][692]LogSynthBenchmark:Display:          ... Total Time: 0.764785 sec
[2017.10.05-16.14.47:099][693]LogRenderer: Reallocating scene render targets to support 640x576 NumSamples 1 (Frame:7231).
[2017.10.05-16.14.47:187][695]LogContentStreaming: Texture pool size now 400 MB
[2017.10.05-16.18.03:513][206]LogFileHelpers: Editor autosave (incl. sublevels) for '/Temp/Untitled_1' took 0.031
[2017.10.05-16.18.03:516][206]OBJ SavePackage: Generating thumbnails for [1] asset(s) in package [/Game/Character/CharacterAnimBP] ([1] browsable assets)...
[2017.10.05-16.18.03:550][206]OBJ SavePackage:     Rendered thumbnail for [AnimBlueprint /Game/Character/CharacterAnimBP.CharacterAnimBP]
[2017.10.05-16.18.03:550][206]OBJ SavePackage: Finished generating thumbnails for package [/Game/Character/CharacterAnimBP]
[2017.10.05-16.18.03:579][206]LogSavePackage: Save=23.72ms
[2017.10.05-16.18.03:579][206]LogSavePackage: Moving '../../../../../../Users/logonpf/Downloads/Unreal Projects/ThirdPerson_Basic/Saved/CharacterAnimBP_Auto2B4D33EAD4F721011631F008655C83FD8.tmp' to '../../../../../../Users/logonpf/Downloads/Unreal Projects/ThirdPerson_Basic/Saved/Autosaves/Game/Character/CharacterAnimBP_Auto2.uasset'
[2017.10.05-16.18.03:581][206]LogSavePackage:Display: Finished SavePackage ../../../../../../Users/logonpf/Downloads/Unreal Projects/ThirdPerson_Basic/Saved/Autosaves/Game/Character/CharacterAnimBP_Auto2.uasset
[2017.10.05-16.18.03:581][206]LogFileHelpers: Auto-saving content packages took 0.067
[2017.10.05-16.18.33:373][524]LogAnimationCompression: Building Anim DDC data for AnimSequence /Game/Character/Animations/MontageExample_Punch_1.MontageExample_Punch_1
[2017.10.05-16.18.33:380][524]LogAnimationCompression: Building Anim DDC data for AnimSequence /Game/Character/Animations/MontageExample_Punch_2.MontageExample_Punch_2
[2017.10.05-16.18.35:216][557]LogAnimationCompression: Building Anim DDC data for AnimSequence /Game/Character/Animations/MontageExample_Start.MontageExample_Start
[2017.10.05-16.18.35:830][569]LogAnimationCompression: Building Anim DDC data for AnimSequence /Game/Character/Animations/ThirdPersonJump_End.ThirdPersonJump_End
[2017.10.05-16.18.35:937][570]LogAnimationCompression: Building Anim DDC data for AnimSequence /Game/Character/Animations/ThirdPersonJump_Loop.ThirdPersonJump_Loop
[2017.10.05-16.18.37:881][605]LogAnimationCompression: Building Anim DDC data for AnimSequence /Game/Character/Animations/ThirdPersonJump_Start.ThirdPersonJump_Start
[2017.10.05-16.21.11:231][642]LogEditorTransaction: Undo Delete current selection
[2017.10.05-16.21.11:311][642]LogActorComponent: RegisterComponentWithWorld: (/Engine/Transient.DebugSkelMeshComponent_0) Already registered. Aborting.
[2017.10.05-16.21.11:346][642]LogActorComponent: RegisterComponentWithWorld: (/Engine/Transient.DebugSkelMeshComponent_2) Already registered. Aborting.
[2017.10.05-16.21.11:359][642]LogActorComponent: RegisterComponentWithWorld: (/Engine/Transient.DebugSkelMeshComponent_4) Already registered. Aborting.
[2017.10.05-16.28.31:441][447]LogFileHelpers: Editor autosave (incl. sublevels) for '/Temp/Untitled_1' took 0.015
[2017.10.05-16.28.31:444][447]OBJ SavePackage: Generating thumbnails for [1] asset(s) in package [/Game/Character/CharacterAnimBP] ([1] browsable assets)...
[2017.10.05-16.28.31:467][447]OBJ SavePackage:     Rendered thumbnail for [AnimBlueprint /Game/Character/CharacterAnimBP.CharacterAnimBP]
[2017.10.05-16.28.31:467][447]OBJ SavePackage: Finished generating thumbnails for package [/Game/Character/CharacterAnimBP]
[2017.10.05-16.28.31:499][447]LogSavePackage: Save=27.94ms
[2017.10.05-16.28.31:499][447]LogSavePackage: Moving '../../../../../../Users/logonpf/Downloads/Unreal Projects/ThirdPerson_Basic/Saved/CharacterAnimBP_Auto3A6587798477270B7C5388A90425A79F9.tmp' to '../../../../../../Users/logonpf/Downloads/Unreal Projects/ThirdPerson_Basic/Saved/Autosaves/Game/Character/CharacterAnimBP_Auto3.uasset'
[2017.10.05-16.28.31:501][447]LogSavePackage:Display: Finished SavePackage ../../../../../../Users/logonpf/Downloads/Unreal Projects/ThirdPerson_Basic/Saved/Autosaves/Game/Character/CharacterAnimBP_Auto3.uasset
[2017.10.05-16.28.31:501][447]LogFileHelpers: Auto-saving content packages took 0.059
[2017.10.05-16.28.45:154][696]BlueprintLog: New page: Compile CharacterAnimBP
[2017.10.05-16.28.45:398][696]BlueprintEditorCompileResults: Info  Result  was visible but ignored
[2017.10.05-16.28.48:044][744]Cmd: OBJ SAVEPACKAGE PACKAGE="/Game/Character/CharacterAnimBP" FILE="../../../../../../Users/logonpf/Downloads/Unreal Projects/ThirdPerson_Basic/Content/Character/CharacterAnimBP.uasset" SILENT=true
[2017.10.05-16.28.48:080][744]LogSavePackage: Save=31.66ms
[2017.10.05-16.28.48:080][744]LogSavePackage: Moving '../../../../../../Users/logonpf/Downloads/Unreal Projects/ThirdPerson_Basic/Saved/CharacterAnimBP4412CCF240763A8E2A2053B524DC3E40.tmp' to '../../../../../../Users/logonpf/Downloads/Unreal Projects/ThirdPerson_Basic/Content/Character/CharacterAnimBP.uasset'
[2017.10.05-16.28.48:087][744]LogSavePackage:Display: Finished SavePackage ../../../../../../Users/logonpf/Downloads/Unreal Projects/ThirdPerson_Basic/Content/Character/CharacterAnimBP.uasset
[2017.10.05-16.29.48:317][964]Cmd: OBJ SAVEPACKAGE PACKAGE="/Game/Character/CharacterAnimBP" FILE="../../../../../../Users/logonpf/Downloads/Unreal Projects/ThirdPerson_Basic/Content/Character/CharacterAnimBP.uasset" SILENT=true
[2017.10.05-16.29.48:345][964]LogSavePackage: Save=23.95ms
[2017.10.05-16.29.48:345][964]LogSavePackage: Moving '../../../../../../Users/logonpf/Downloads/Unreal Projects/ThirdPerson_Basic/Saved/CharacterAnimBP687A036B4C55FCC4D443F88BC6C64BE6.tmp' to '../../../../../../Users/logonpf/Downloads/Unreal Projects/ThirdPerson_Basic/Content/Character/CharacterAnimBP.uasset'
[2017.10.05-16.29.48:348][964]LogSavePackage:Display: Finished SavePackage ../../../../../../Users/logonpf/Downloads/Unreal Projects/ThirdPerson_Basic/Content/Character/CharacterAnimBP.uasset
[2017.10.05-16.29.51:865][ 28]LogTemp: Repeting last play command: Selected Viewport
[2017.10.05-16.29.51:912][ 28]LogPlayLevel: PlayLevel: No blueprints needed recompiling
[2017.10.05-16.29.51:971][ 28]PIE: New page: PIE session: Untitled_1 (Oct 5, 2017, 10:29:51 AM)
[2017.10.05-16.29.51:980][ 28]LogPlayLevel: Creating play world package: /Temp/UEDPIE_0_Untitled_1
[2017.10.05-16.29.51:993][ 28]LogPlayLevel: PIE: StaticDuplicateObject took: (0.013202s)
[2017.10.05-16.29.51:994][ 28]LogAIModule: Creating AISystem for world Untitled_1
[2017.10.05-16.29.51:996][ 28]LogPlayLevel: PIE: World Init took: (0.002768s)
[2017.10.05-16.29.52:007][ 28]LogPlayLevel: PIE: Created PIE world by copying editor world from /Temp/Untitled_1.Untitled_1 to /Temp/UEDPIE_0_Untitled_1.Untitled_1 (0.027519s)
[2017.10.05-16.29.52:026][ 28]LogInit: XAudio2 using 'Speakers (High Definition Audio Device)' : 2 channels at 44.1 kHz using 16 bits per sample (channel mask 0x3)
[2017.10.05-16.29.52:032][ 28]LogInit: FAudioDevice initialized.
[2017.10.05-16.29.52:171][ 28]LogLoad: Game class is 'GameModeBase'
[2017.10.05-16.29.52:173][ 28]LogWorld: Bringing World /Temp/UEDPIE_0_Untitled_1.Untitled_1 up for play (max tick rate 0) at 2017.10.05-13.29.52
[2017.10.05-16.29.52:186][ 28]LogWorld: Bringing up level for play took: 0.009967
[2017.10.05-16.29.52:453][ 28]LogContentBrowser: Native class hierarchy updated for 'MovieSceneCapture' in 0.0008 seconds. Added 11 classes and 0 folders.
[2017.10.05-16.29.52:489][ 28]PIE: Info Play in editor start time for /Temp/UEDPIE_0_Untitled_1 0.791
[2017.10.05-16.29.52:577][ 28]LogRenderer: Reallocating scene render targets to support 648x576 NumSamples 1 (Frame:21191).
[2017.10.05-16.30.38:823][687]LogTemp: Repeting last play command: Selected Viewport
[2017.10.05-16.30.38:835][687]LogPlayLevel: PlayLevel: No blueprints needed recompiling
[2017.10.05-16.30.38:836][687]PIE: New page: PIE session: Untitled_1 (Oct 5, 2017, 10:30:38 AM)
[2017.10.05-16.30.38:836][687]LogPlayLevel: Creating play world package: /Temp/UEDPIE_0_Untitled_1
[2017.10.05-16.30.38:837][687]LogPlayLevel: PIE: StaticDuplicateObject took: (0.001746s)
[2017.10.05-16.30.38:838][687]LogAIModule: Creating AISystem for world Untitled_1
[2017.10.05-16.30.38:838][687]LogPlayLevel: PIE: World Init took: (0.000589s)
[2017.10.05-16.30.38:838][687]LogPlayLevel: PIE: Created PIE world by copying editor world from /Temp/Untitled_1.Untitled_1 to /Temp/UEDPIE_0_Untitled_1.Untitled_1 (0.002519s)
[2017.10.05-16.30.38:853][687]LogInit: XAudio2 using 'Speakers (High Definition Audio Device)' : 2 channels at 44.1 kHz using 16 bits per sample (channel mask 0x3)
[2017.10.05-16.30.38:859][687]LogInit: FAudioDevice initialized.
[2017.10.05-16.30.38:890][687]LogLoad: Game class is 'GameModeBase'
[2017.10.05-16.30.38:892][687]LogWorld: Bringing World /Temp/UEDPIE_0_Untitled_1.Untitled_1 up for play (max tick rate 0) at 2017.10.05-13.30.38
[2017.10.05-16.30.38:892][687]LogWorld: Bringing up level for play took: 0.001018
[2017.10.05-16.30.38:895][687]PIE: Info Play in editor start time for /Temp/UEDPIE_0_Untitled_1 -0.792
[2017.10.05-16.30.59:008][ 36]LogTemp: Repeting last play command: Selected Viewport
[2017.10.05-16.30.59:020][ 36]LogPlayLevel: PlayLevel: No blueprints needed recompiling
[2017.10.05-16.30.59:020][ 36]PIE: New page: PIE session: Untitled_1 (Oct 5, 2017, 10:30:59 AM)
[2017.10.05-16.30.59:020][ 36]LogPlayLevel: Creating play world package: /Temp/UEDPIE_0_Untitled_1
[2017.10.05-16.30.59:022][ 36]LogPlayLevel: PIE: StaticDuplicateObject took: (0.001721s)
[2017.10.05-16.30.59:022][ 36]LogAIModule: Creating AISystem for world Untitled_1
[2017.10.05-16.30.59:022][ 36]LogPlayLevel: PIE: World Init took: (0.000553s)
[2017.10.05-16.30.59:023][ 36]LogPlayLevel: PIE: Created PIE world by copying editor world from /Temp/Untitled_1.Untitled_1 to /Temp/UEDPIE_0_Untitled_1.Untitled_1 (0.002461s)
[2017.10.05-16.30.59:037][ 36]LogInit: XAudio2 using 'Speakers (High Definition Audio Device)' : 2 channels at 44.1 kHz using 16 bits per sample (channel mask 0x3)
[2017.10.05-16.30.59:043][ 36]LogInit: FAudioDevice initialized.
[2017.10.05-16.30.59:112][ 36]LogLoad: Game class is 'GameModeBase'
[2017.10.05-16.30.59:115][ 36]LogWorld: Bringing World /Temp/UEDPIE_0_Untitled_1.Untitled_1 up for play (max tick rate 0) at 2017.10.05-13.30.59
[2017.10.05-16.30.59:115][ 36]LogWorld: Bringing up level for play took: 0.001391
[2017.10.05-16.30.59:118][ 36]PIE: Info Play in editor start time for /Temp/UEDPIE_0_Untitled_1 -0.566
[2017.10.05-16.31.47:792][831]LogTemp: Repeting last play command: Selected Viewport
[2017.10.05-16.31.47:805][831]LogPlayLevel: PlayLevel: No blueprints needed recompiling
[2017.10.05-16.31.47:805][831]PIE: New page: PIE session: Untitled_1 (Oct 5, 2017, 10:31:47 AM)
[2017.10.05-16.31.47:805][831]LogPlayLevel: Creating play world package: /Temp/UEDPIE_0_Untitled_1
[2017.10.05-16.31.47:807][831]LogPlayLevel: PIE: StaticDuplicateObject took: (0.001680s)
[2017.10.05-16.31.47:807][831]LogAIModule: Creating AISystem for world Untitled_1
[2017.10.05-16.31.47:807][831]LogPlayLevel: PIE: World Init took: (0.000572s)
[2017.10.05-16.31.47:807][831]LogPlayLevel: PIE: Created PIE world by copying editor world from /Temp/Untitled_1.Untitled_1 to /Temp/UEDPIE_0_Untitled_1.Untitled_1 (0.002433s)
[2017.10.05-16.31.47:882][831]LogInit: XAudio2 using 'Speakers (High Definition Audio Device)' : 2 channels at 44.1 kHz using 16 bits per sample (channel mask 0x3)
[2017.10.05-16.31.47:887][831]LogInit: FAudioDevice initialized.
[2017.10.05-16.31.47:925][831]LogLoad: Game class is 'GameModeBase'
[2017.10.05-16.31.47:927][831]LogWorld: Bringing World /Temp/UEDPIE_0_Untitled_1.Untitled_1 up for play (max tick rate 0) at 2017.10.05-13.31.47
[2017.10.05-16.31.47:928][831]LogWorld: Bringing up level for play took: 0.001048
[2017.10.05-16.31.47:931][831]PIE: Info Play in editor start time for /Temp/UEDPIE_0_Untitled_1 0.257
[2017.10.05-16.31.57:627][966]LogUObjectBase:Warning: NULL object
[2017.10.05-16.31.57:772][966]LogStats: FPlatformStackWalk::StackWalkAndDump -  0.145 s
[2017.10.05-16.31.57:772][966]LogOutputDevice:Error: === Handled ensure: ===
[2017.10.05-16.31.57:772][966]LogOutputDevice:Error: 
[2017.10.05-16.31.57:772][966]LogOutputDevice:Error: Ensure condition failed: false [File:D:\Build\++UE4+Release-4.14+Compile\Sync\Engine\Source\Editor\Kismet\Private\SKismetInspector.cpp] [Line: 520]
[2017.10.05-16.31.57:772][966]LogOutputDevice:Error: Object in KismetInspector is invalid, see TTP 281915
[2017.10.05-16.31.57:772][966]LogOutputDevice:Error: Stack: 
[2017.10.05-16.31.57:772][966]LogOutputDevice:Error: UE4Editor-Core.dll
[2017.10.05-16.31.57:772][966]LogOutputDevice:Error: UE4Editor-Core.dll
[2017.10.05-16.31.57:772][966]LogOutputDevice:Error: UE4Editor-Core.dll
[2017.10.05-16.31.57:772][966]LogOutputDevice:Error: UE4Editor-Kismet.dll
[2017.10.05-16.31.57:772][966]LogOutputDevice:Error: UE4Editor-Kismet.dll
[2017.10.05-16.31.57:772][966]LogOutputDevice:Error: UE4Editor-SlateCore.dll
[2017.10.05-16.31.57:772][966]LogOutputDevice:Error: UE4Editor-SlateCore.dll
[2017.10.05-16.31.57:772][966]LogOutputDevice:Error: UE4Editor-Slate.dll
[2017.10.05-16.31.57:772][966]LogOutputDevice:Error: UE4Editor-SlateCore.dll
[2017.10.05-16.31.57:772][966]LogOutputDevice:Error: UE4Editor-SlateCore.dll
[2017.10.05-16.31.57:772][966]LogOutputDevice:Error: UE4Editor-SlateCore.dll
[2017.10.05-16.31.57:772][966]LogOutputDevice:Error: UE4Editor-SlateCore.dll
[2017.10.05-16.31.57:772][966]LogOutputDevice:Error: UE4Editor-SlateCore.dll
[2017.10.05-16.31.57:772][966]LogOutputDevice:Error: UE4Editor-SlateCore.dll
[2017.10.05-16.31.57:772][966]LogOutputDevice:Error: UE4Editor-SlateCore.dll
[2017.10.05-16.31.57:772][966]LogOutputDevice:Error: UE4Editor-SlateCore.dll
[2017.10.05-16.31.57:772][966]LogOutputDevice:Error: UE4Editor-SlateCore.dll
[2017.10.05-16.31.57:772][966]LogOutputDevice:Error: UE4Editor-Slate.dll
[2017.10.05-16.31.57:772][966]LogOutputDevice:Error: UE4Editor-SlateCore.dll
[2017.10.05-16.31.57:772][966]LogOutputDevice:Error: UE4Editor-SlateCore.dll
[2017.10.05-16.31.57:772][966]LogOutputDevice:Error: UE4Editor-SlateCore.dll
[2017.10.05-16.31.57:772][966]LogOutputDevice:Error: UE4Editor-SlateCore.dll
[2017.10.05-16.31.57:772][966]LogOutputDevice:Error: UE4Editor-Slate.dll
[2017.10.05-16.31.57:772][966]LogOutputDevice:Error: UE4Editor-SlateCore.dll
[2017.10.05-16.31.57:772][966]LogOutputDevice:Error: UE4Editor-SlateCore.dll
[2017.10.05-16.31.57:772][966]LogOutputDevice:Error: UE4Editor-SlateCore.dll
[2017.10.05-16.31.57:772][966]LogOutputDevice:Error: UE4Editor-SlateCore.dll
[2017.10.05-16.31.57:772][966]LogOutputDevice:Error: UE4Editor-Slate.dll
[2017.10.05-16.31.57:772][966]LogOutputDevice:Error: UE4Editor-SlateCore.dll
[2017.10.05-16.31.57:772][966]LogOutputDevice:Error: UE4Editor-SlateCore.dll
[2017.10.05-16.31.57:772][966]LogOutputDevice:Error: UE4Editor-SlateCore.dll
[2017.10.05-16.31.57:772][966]LogOutputDevice:Error: UE4Editor-SlateCore.dll
[2017.10.05-16.31.57:772][966]LogOutputDevice:Error: UE4Editor-SlateCore.dll
[2017.10.05-16.31.57:772][966]LogOutputDevice:Error: UE4Editor-SlateCore.dll
[2017.10.05-16.31.57:772][966]LogOutputDevice:Error: UE4Editor-SlateCore.dll
[2017.10.05-16.31.57:772][966]LogOutputDevice:Error: UE4Editor-SlateCore.dll
[2017.10.05-16.31.57:772][966]LogOutputDevice:Error: UE4Editor-SlateCore.dll
[2017.10.05-16.31.57:772][966]LogOutputDevice:Error: UE4Editor-SlateCore.dll
[2017.10.05-16.31.57:772][966]LogOutputDevice:Error: UE4Editor-SlateCore.dll
[2017.10.05-16.31.57:772][966]LogOutputDevice:Error: UE4Editor-Slate.dll
[2017.10.05-16.31.57:772][966]LogOutputDevice:Error: UE4Editor-SlateCore.dll
[2017.10.05-16.31.57:772][966]LogOutputDevice:Error: UE4Editor-SlateCore.dll
[2017.10.05-16.31.57:772][966]LogOutputDevice:Error: UE4Editor-SlateCore.dll
[2017.10.05-16.31.57:772][966]LogOutputDevice:Error: UE4Editor-SlateCore.dll
[2017.10.05-16.31.57:772][966]LogOutputDevice:Error: UE4Editor-SlateCore.dll
[2017.10.05-16.31.57:772][966]LogOutputDevice:Error: UE4Editor-SlateCore.dll
[2017.10.05-16.31.57:772][966]LogOutputDevice:Error: UE4Editor-SlateCore.dll
[2017.10.05-16.31.57:772][966]LogOutputDevice:Error: UE4Editor-SlateCore.dll
[2017.10.05-16.31.57:772][966]LogOutputDevice:Error: UE4Editor-SlateCore.dll
[2017.10.05-16.31.57:772][966]LogOutputDevice:Error: UE4Editor-Slate.dll
[2017.10.05-16.31.57:772][966]LogOutputDevice:Error: UE4Editor-SlateCore.dll
[2017.10.05-16.31.57:772][966]LogOutputDevice:Error: UE4Editor-SlateCore.dll
[2017.10.05-16.31.57:772][966]LogOutputDevice:Error: UE4Editor-SlateCore.dll
[2017.10.05-16.31.57:772][966]LogOutputDevice:Error: UE4Editor-SlateCore.dll
[2017.10.05-16.31.57:772][966]LogOutputDevice:Error: UE4Editor-SlateCore.dll
[2017.10.05-16.31.57:772][966]LogOutputDevice:Error: UE4Editor-SlateCore.dll
[2017.10.05-16.31.57:772][966]LogOutputDevice:Error: UE4Editor-SlateCore.dll
[2017.10.05-16.31.57:772][966]LogOutputDevice:Error: UE4Editor-SlateCore.dll
[2017.10.05-16.31.57:772][966]LogOutputDevice:Error: UE4Editor-SlateCore.dll
[2017.10.05-16.31.57:772][966]LogOutputDevice:Error: UE4Editor-SlateCore.dll
[2017.10.05-16.31.57:772][966]LogOutputDevice:Error: UE4Editor-SlateCore.dll
[2017.10.05-16.31.57:773][966]LogOutputDevice:Error: UE4Editor-SlateCore.dll
[2017.10.05-16.31.57:773][966]LogOutputDevice:Error: UE4Editor-SlateCore.dll
[2017.10.05-16.31.57:773][966]LogOutputDevice:Error: UE4Editor-SlateCore.dll
[2017.10.05-16.31.57:773][966]LogOutputDevice:Error: UE4Editor-SlateCore.dll
[2017.10.05-16.31.57:773][966]LogOutputDevice:Error: UE4Editor-SlateCore.dll
[2017.10.05-16.31.57:773][966]LogOutputDevice:Error: UE4Editor-Slate.dll
[2017.10.05-16.31.57:773][966]LogOutputDevice:Error: UE4Editor-Slate.dll
[2017.10.05-16.31.57:773][966]LogOutputDevice:Error: UE4Editor-Slate.dll
[2017.10.05-16.31.57:773][966]LogOutputDevice:Error: UE4Editor-Slate.dll
[2017.10.05-16.31.57:773][966]LogOutputDevice:Error: UE4Editor-Slate.dll
[2017.10.05-16.31.57:773][966]LogOutputDevice:Error: UE4Editor-Slate.dll
[2017.10.05-16.31.57:773][966]LogOutputDevice:Error: UE4Editor.exe
[2017.10.05-16.31.57:773][966]LogOutputDevice:Error: UE4Editor.exe
[2017.10.05-16.31.57:773][966]LogOutputDevice:Error: UE4Editor.exe
[2017.10.05-16.31.57:773][966]LogOutputDevice:Error: UE4Editor.exe
[2017.10.05-16.31.57:773][966]LogOutputDevice:Error: UE4Editor.exe
[2017.10.05-16.31.57:773][966]LogOutputDevice:Error: KERNEL32.DLL
[2017.10.05-16.31.57:773][966]LogOutputDevice:Error: ntdll.dll
[2017.10.05-16.31.57:773][966]LogOutputDevice:Error: 
[2017.10.05-16.31.57:775][966]LogStats:                SubmitErrorReport -  0.000 s
[2017.10.05-16.32.02:688][966]LogStats:                    SendNewReport -  4.915 s
[2017.10.05-16.32.02:688][966]LogStats:             FDebug::EnsureFailed -  5.063 s
[2017.10.05-16.32.06:275][ 27]LogSkeletalMesh: InitArticulated: Bodies already created (/Engine/Transient.DebugSkelMeshComponent_5) - call TermArticulated first.
[2017.10.05-16.32.07:049][ 27]LogContentBrowser:Verbose: The majority of assets in the view are of type: AnimSequence
[2017.10.05-16.32.21:859][267]LogSkeletalMesh: InitArticulated: Bodies already created (/Engine/Transient.DebugSkelMeshComponent_10) - call TermArticulated first.
[2017.10.05-16.32.28:263][369]LogTemp: Repeting last play command: Selected Viewport
[2017.10.05-16.32.28:275][369]LogPlayLevel: PlayLevel: No blueprints needed recompiling
[2017.10.05-16.32.28:276][369]PIE: New page: PIE session: Untitled_1 (Oct 5, 2017, 10:32:28 AM)
[2017.10.05-16.32.28:276][369]LogPlayLevel: Creating play world package: /Temp/UEDPIE_0_Untitled_1
[2017.10.05-16.32.28:277][369]LogPlayLevel: PIE: StaticDuplicateObject took: (0.001723s)
[2017.10.05-16.32.28:278][369]LogAIModule: Creating AISystem for world Untitled_1
[2017.10.05-16.32.28:278][369]LogPlayLevel: PIE: World Init took: (0.000609s)
[2017.10.05-16.32.28:278][369]LogPlayLevel: PIE: Created PIE world by copying editor world from /Temp/Untitled_1.Untitled_1 to /Temp/UEDPIE_0_Untitled_1.Untitled_1 (0.002524s)
[2017.10.05-16.32.28:297][369]LogInit: XAudio2 using 'Speakers (High Definition Audio Device)' : 2 channels at 44.1 kHz using 16 bits per sample (channel mask 0x3)
[2017.10.05-16.32.28:303][369]LogInit: FAudioDevice initialized.
[2017.10.05-16.32.28:335][369]LogLoad: Game class is 'GameModeBase'
[2017.10.05-16.32.28:337][369]LogWorld: Bringing World /Temp/UEDPIE_0_Untitled_1.Untitled_1 up for play (max tick rate 0) at 2017.10.05-13.32.28
[2017.10.05-16.32.28:338][369]LogWorld: Bringing up level for play took: 0.000976
[2017.10.05-16.32.28:341][369]PIE: Info Play in editor start time for /Temp/UEDPIE_0_Untitled_1 0.675
[2017.10.05-16.32.58:242][688]LogTemp: Repeting last play command: Selected Viewport
[2017.10.05-16.32.58:254][688]LogPlayLevel: PlayLevel: No blueprints needed recompiling
[2017.10.05-16.32.58:254][688]PIE: New page: PIE session: Untitled_1 (Oct 5, 2017, 10:32:58 AM)
[2017.10.05-16.32.58:254][688]LogPlayLevel: Creating play world package: /Temp/UEDPIE_0_Untitled_1
[2017.10.05-16.32.58:256][688]LogPlayLevel: PIE: StaticDuplicateObject took: (0.001827s)
[2017.10.05-16.32.58:257][688]LogAIModule: Creating AISystem for world Untitled_1
[2017.10.05-16.32.58:257][688]LogPlayLevel: PIE: World Init took: (0.000588s)
[2017.10.05-16.32.58:257][688]LogPlayLevel: PIE: Created PIE world by copying editor world from /Temp/Untitled_1.Untitled_1 to /Temp/UEDPIE_0_Untitled_1.Untitled_1 (0.002615s)
[2017.10.05-16.32.58:291][688]LogInit: XAudio2 using 'Speakers (High Definition Audio Device)' : 2 channels at 44.1 kHz using 16 bits per sample (channel mask 0x3)
[2017.10.05-16.32.58:297][688]LogInit: FAudioDevice initialized.
[2017.10.05-16.32.58:399][688]LogLoad: Game class is 'GameModeBase'
[2017.10.05-16.32.58:401][688]LogWorld: Bringing World /Temp/UEDPIE_0_Untitled_1.Untitled_1 up for play (max tick rate 0) at 2017.10.05-13.32.58
[2017.10.05-16.32.58:401][688]LogWorld: Bringing up level for play took: 0.001731
[2017.10.05-16.32.58:405][688]PIE: Info Play in editor start time for /Temp/UEDPIE_0_Untitled_1 0.744
[2017.10.05-16.33.14:618][703]Cmd: CAMERA ALIGN ACTIVEVIEWPORTONLY
[2017.10.05-16.33.28:496][983]Cmd: OBJ SAVEPACKAGE PACKAGE="/Game/Maps/Cena" FILE="../../../../../../Users/logonpf/Downloads/Unreal Projects/ThirdPerson_Basic/Content/Maps/Cena.umap" SILENT=true AUTOSAVING=false KEEPDIRTY=false
[2017.10.05-16.33.28:598][983]LogSavePackage: Save=72.37ms
[2017.10.05-16.33.28:598][983]LogSavePackage: Moving '../../../../../../Users/logonpf/Downloads/Unreal Projects/ThirdPerson_Basic/Saved/Cena2E4BB5864985FBAEE14D2FB89145A898.tmp' to '../../../../../../Users/logonpf/Downloads/Unreal Projects/ThirdPerson_Basic/Content/Maps/Cena.umap'
[2017.10.05-16.33.28:601][983]LogSavePackage:Display: Finished SavePackage ../../../../../../Users/logonpf/Downloads/Unreal Projects/ThirdPerson_Basic/Content/Maps/Cena.umap
[2017.10.05-16.33.28:690][983]LogFileHelpers: Saving map 'Cena' took 0.816
[2017.10.05-16.33.33:811][390]LogEditorViewport: Clicking on Actor (LMB): BP_Sky_Sphere_C (Sky Sphere)
[2017.10.05-16.33.38:441][653]LogSkeletalMesh: InitArticulated: Bodies already created (/Engine/Transient.DebugSkelMeshComponent_11) - call TermArticulated first.
[2017.10.05-16.33.38:960][653]LogContentBrowser:Verbose: The majority of assets in the view are of type: AnimSequence
[2017.10.05-16.33.41:704][734]LogTemp: Repeting last play command: Selected Viewport
[2017.10.05-16.33.41:716][734]LogPlayLevel: PlayLevel: No blueprints needed recompiling
[2017.10.05-16.33.41:716][734]PIE: New page: PIE session: Cena (Oct 5, 2017, 10:33:41 AM)
[2017.10.05-16.33.41:716][734]LogPlayLevel: Creating play world package: /Game/Maps/UEDPIE_0_Cena
[2017.10.05-16.33.41:718][734]LogPlayLevel: PIE: StaticDuplicateObject took: (0.001735s)
[2017.10.05-16.33.41:719][734]LogAIModule: Creating AISystem for world Cena
[2017.10.05-16.33.41:719][734]LogPlayLevel: PIE: World Init took: (0.000725s)
[2017.10.05-16.33.41:719][734]LogPlayLevel: PIE: Created PIE world by copying editor world from /Game/Maps/Cena.Cena to /Game/Maps/UEDPIE_0_Cena.Cena (0.002691s)
[2017.10.05-16.33.41:736][734]LogInit: XAudio2 using 'Speakers (High Definition Audio Device)' : 2 channels at 44.1 kHz using 16 bits per sample (channel mask 0x3)
[2017.10.05-16.33.41:742][734]LogInit: FAudioDevice initialized.
[2017.10.05-16.33.41:785][734]LogLoad: Game class is 'GameModeBase'
[2017.10.05-16.33.41:788][734]LogWorld: Bringing World /Game/Maps/UEDPIE_0_Cena.Cena up for play (max tick rate 0) at 2017.10.05-13.33.41
[2017.10.05-16.33.41:788][734]LogWorld: Bringing up level for play took: 0.001762
[2017.10.05-16.33.41:789][734]PIE: Info Play in editor start time for /Game/Maps/UEDPIE_0_Cena 0.133
[2017.10.05-16.33.58:058][147]LogTemp: Repeting last play command: Selected Viewport
[2017.10.05-16.33.58:070][147]LogPlayLevel: PlayLevel: No blueprints needed recompiling
[2017.10.05-16.33.58:070][147]PIE: New page: PIE session: Cena (Oct 5, 2017, 10:33:58 AM)
[2017.10.05-16.33.58:070][147]LogPlayLevel: Creating play world package: /Game/Maps/UEDPIE_0_Cena
[2017.10.05-16.33.58:072][147]LogPlayLevel: PIE: StaticDuplicateObject took: (0.001759s)
[2017.10.05-16.33.58:072][147]LogAIModule: Creating AISystem for world Cena
[2017.10.05-16.33.58:072][147]LogPlayLevel: PIE: World Init took: (0.000843s)
[2017.10.05-16.33.58:073][147]LogPlayLevel: PIE: Created PIE world by copying editor world from /Game/Maps/Cena.Cena to /Game/Maps/UEDPIE_0_Cena.Cena (0.002974s)
[2017.10.05-16.33.58:087][147]LogInit: XAudio2 using 'Speakers (High Definition Audio Device)' : 2 channels at 44.1 kHz using 16 bits per sample (channel mask 0x3)
[2017.10.05-16.33.58:093][147]LogInit: FAudioDevice initialized.
[2017.10.05-16.33.58:126][147]LogLoad: Game class is 'GameModeBase'
[2017.10.05-16.33.58:128][147]LogWorld: Bringing World /Game/Maps/UEDPIE_0_Cena.Cena up for play (max tick rate 0) at 2017.10.05-13.33.58
[2017.10.05-16.33.58:129][147]LogWorld: Bringing up level for play took: 0.001949
[2017.10.05-16.33.58:130][147]PIE: Info Play in editor start time for /Game/Maps/UEDPIE_0_Cena 0.474
[2017.10.05-16.34.31:242][399]LogUObjectBase:Warning: NULL object
[2017.10.05-16.34.48:622][189]LogEditorTransaction: Undo Edit Speed
[2017.10.05-16.34.48:623][189]LogActorComponent: RegisterComponentWithWorld: (/Engine/Transient.DebugSkelMeshComponent_11) Already registered. Aborting.
[2017.10.05-16.35.03:176][883]BlueprintLog: New page: Compile CharacterAnimBP
[2017.10.05-16.35.03:962][912]Cmd: OBJ SAVEPACKAGE PACKAGE="/Game/Character/CharacterAnimBP" FILE="../../../../../../Users/logonpf/Downloads/Unreal Projects/ThirdPerson_Basic/Content/Character/CharacterAnimBP.uasset" SILENT=true
